[      56ms] [ERROR] Failed to load resource: the server responded with a status of 500 (Internal Server Error) @ http://localhost:3000/:0
[     140ms] [INFO] %cDownload the React DevTools for a better development experience: https://react.dev/link/react-devtools font-weight:bold @ http://localhost:3000/_next/static/chunks/node_modules_react-dom_0bruynb._.js:15305
[     275ms] Error: ./src/components/WalletCard.tsx:87:7
Expected corresponding JSX closing tag for <motion.div>
  85 |         </div>
  86 |       </div>
> 87 |     </motion.button>
     |       ^^^^^^^^^^^^^
  88 |   );
  89 | }
  90 |

Parsing ecmascript source code failed

Import traces:
  Client Component Browser:
    ./src/components/WalletCard.tsx [Client Component Browser]
    ./src/screens/HomeScreen.tsx [Client Component Browser]
    ./src/app/page.tsx [Client Component Browser]
    ./src/app/page.tsx [Server Component]

  Client Component SSR:
    ./src/components/WalletCard.tsx [Client Component SSR]
    ./src/screens/HomeScreen.tsx [Client Component SSR]
    ./src/app/page.tsx [Client Component SSR]
    ./src/app/page.tsx [Server Component]


    at <unknown> (Error: ./src/components/WalletCard.tsx:87:7)
    at Object.getCompilationErrors (file:///Users/sethlukin/Documents/GitHub/RIA-test-assignment/node_modules/next/dist/server/dev/hot-reloader-turbopack.js:1186:59)
    at DevBundlerService.getCompilationError (file:///Users/sethlukin/Documents/GitHub/RIA-test-assignment/node_modules/next/dist/server/lib/dev-bundler-service.js:44:55)
    at DevServer.getCompilationError (file:///Users/sethlukin/Documents/GitHub/RIA-test-assignment/node_modules/next/dist/server/dev/next-dev-server.js:719:42)
    at DevServer.findPageComponents (file:///Users/sethlukin/Documents/GitHub/RIA-test-assignment/node_modules/next/dist/server/dev/next-dev-server.js:689:43)
    at async DevServer.renderErrorToResponseImpl (file:///Users/sethlukin/Documents/GitHub/RIA-test-assignment/node_modules/next/dist/server/base-server.js:1745:26)
[     153ms] [LOG] [HMR] connected @ http://localhost:3000/_next/static/chunks/node_modules_next_dist_0u_w_5s._.js:1226
[     197ms] [ERROR] ./src/components/WalletCard.tsx:87:7
Expected corresponding JSX closing tag for <motion.div>
  85 |         </div>
  86 |       </div>
> 87 |     </motion.button>
     |       ^^^^^^^^^^^^^
  88 |   );
  89 | }
  90 |

Parsing ecmascript source code failed

Import traces:
  Client Component Browser:
    ./src/components/WalletCard.tsx [Client Component Browser]
    ./src/screens/HomeScreen.tsx [Client Component Browser]
    ./src/app/page.tsx [Client Component Browser]
    ./src/app/page.tsx [Server Component]

  Client Component SSR:
    ./src/components/WalletCard.tsx [Client Component SSR]
    ./src/screens/HomeScreen.tsx [Client Component SSR]
    ./src/app/page.tsx [Client Component SSR]
    ./src/app/page.tsx [Server Component] @ http://localhost:3000/_next/static/chunks/node_modules_next_dist_0u_w_5s._.js:1945
[     197ms] [ERROR] ./src/components/WalletCard.tsx:87:7
Expected corresponding JSX closing tag for <motion.div>
  85 |         </div>
  86 |       </div>
> 87 |     </motion.button>
     |       ^^^^^^^^^^^^^
  88 |   );
  89 | }
  90 |

Parsing ecmascript source code failed

Import traces:
  Client Component Browser:
    ./src/components/WalletCard.tsx [Client Component Browser]
    ./src/screens/HomeScreen.tsx [Client Component Browser]
    ./src/app/page.tsx [Client Component Browser]
    ./src/app/page.tsx [Server Component]

  Client Component SSR:
    ./src/components/WalletCard.tsx [Client Component SSR]
    ./src/screens/HomeScreen.tsx [Client Component SSR]
    ./src/app/page.tsx [Client Component SSR]
    ./src/app/page.tsx [Server Component] @ http://localhost:3000/_next/static/chunks/node_modules_next_dist_0u_w_5s._.js:1945
[     305ms] [LOG] [Fast Refresh] rebuilding @ http://localhost:3000/_next/static/chunks/node_modules_next_dist_0u_w_5s._.js:1226
[     307ms] [ERROR] ./src/components/WalletCard.tsx:87:7
Expected corresponding JSX closing tag for <motion.div>
  85 |         </div>
  86 |       </div>
> 87 |     </motion.button>
     |       ^^^^^^^^^^^^^
  88 |   );
  89 | }
  90 |

Parsing ecmascript source code failed

Import traces:
  Client Component Browser:
    ./src/components/WalletCard.tsx [Client Component Browser]
    ./src/screens/HomeScreen.tsx [Client Component Browser]
    ./src/app/page.tsx [Client Component Browser]
    ./src/app/page.tsx [Server Component]

  Client Component SSR:
    ./src/components/WalletCard.tsx [Client Component SSR]
    ./src/screens/HomeScreen.tsx [Client Component SSR]
    ./src/app/page.tsx [Client Component SSR]
    ./src/app/page.tsx [Server Component] @ http://localhost:3000/_next/static/chunks/node_modules_next_dist_0u_w_5s._.js:1945
[    5339ms] [LOG] [Fast Refresh] rebuilding @ http://localhost:3000/_next/static/chunks/node_modules_next_dist_0u_w_5s._.js:1226
[    5487ms] [LOG] [Fast Refresh] done in 220ms @ http://localhost:3000/_next/static/chunks/node_modules_next_dist_0u_w_5s._.js:1226
[    5597ms] [LOG] [Fast Refresh] rebuilding @ http://localhost:3000/_next/static/chunks/node_modules_next_dist_0u_w_5s._.js:1226
[    5627ms] [LOG] [Fast Refresh] done in 129ms @ http://localhost:3000/_next/static/chunks/node_modules_next_dist_0u_w_5s._.js:1226
[    5995ms] [INFO] %cDownload the React DevTools for a better development experience: https://react.dev/link/react-devtools font-weight:bold @ http://localhost:3000/_next/static/chunks/node_modules_next_dist_115brz8._.js:2431
[    6054ms] [LOG] [HMR] connected @ http://localhost:3000/_next/static/chunks/node_modules_next_dist_115brz8._.js:2431
[    6186ms] [WARNING] Image with src "/figma-assets/7a9a8c5c4294de4010821f854cd84f2b8b292776.png" has "fill" but is missing "sizes" prop. Please add it to improve page performance. Read more: https://nextjs.org/docs/api-reference/next/image#sizes @ http://localhost:3000/_next/static/chunks/node_modules_next_dist_115brz8._.js:2431
