[     162ms] [INFO] %cDownload the React DevTools for a better development experience: https://react.dev/link/react-devtools font-weight:bold @ http://localhost:3000/_next/static/chunks/node_modules_next_dist_115brz8._.js:2431
[     184ms] [LOG] [HMR] connected @ http://localhost:3000/_next/static/chunks/node_modules_next_dist_115brz8._.js:2431
[   47119ms] [LOG] [Fast Refresh] rebuilding @ http://localhost:3000/_next/static/chunks/node_modules_next_dist_115brz8._.js:2431
[   47150ms] [LOG] [Fast Refresh] done in 47ms @ http://localhost:3000/_next/static/chunks/node_modules_next_dist_115brz8._.js:2431
[   54296ms] [LOG] [Fast Refresh] rebuilding @ http://localhost:3000/_next/static/chunks/node_modules_next_dist_115brz8._.js:2431
[   54326ms] [LOG] [Fast Refresh] done in 45ms @ http://localhost:3000/_next/static/chunks/node_modules_next_dist_115brz8._.js:2431
[   64080ms] [LOG] [Fast Refresh] rebuilding @ http://localhost:3000/_next/static/chunks/node_modules_next_dist_115brz8._.js:2431
[   64106ms] [LOG] [Fast Refresh] done in 62ms @ http://localhost:3000/_next/static/chunks/node_modules_next_dist_115brz8._.js:2431
[  119863ms] [LOG] [Fast Refresh] rebuilding @ http://localhost:3000/_next/static/chunks/node_modules_next_dist_115brz8._.js:2431
[  119879ms] [ERROR] ./src/components/CardCarousel.tsx:250:1
Unexpected token. Did you mean `{'}'}` or `&rbrace;`?
  248 |     </motion.div>
  249 |   );
> 250 | }
      | ^
  251 |
  252 | function EmptyCardSlot({ onAdd }: { onAdd?: () => void }) {
  253 |   return (

Parsing ecmascript source code failed

Import traces:
  Client Component Browser:
    ./src/components/CardCarousel.tsx [Client Component Browser]
    ./src/screens/HomeScreen.tsx [Client Component Browser]
    ./src/app/page.tsx [Client Component Browser]
    ./src/app/page.tsx [Server Component]

  Client Component SSR:
    ./src/components/CardCarousel.tsx [Client Component SSR]
    ./src/screens/HomeScreen.tsx [Client Component SSR]
    ./src/app/page.tsx [Client Component SSR]
    ./src/app/page.tsx [Server Component] @ http://localhost:3000/_next/static/chunks/node_modules_next_dist_115brz8._.js:3272
[  119975ms] [ERROR] ./src/components/CardCarousel.tsx:250:1
Unexpected token. Did you mean `{'}'}` or `&rbrace;`?
  248 |     </motion.div>
  249 |   );
> 250 | }
      | ^
  251 |
  252 | function EmptyCardSlot({ onAdd }: { onAdd?: () => void }) {
  253 |   return (

Parsing ecmascript source code failed

Import traces:
  Client Component Browser:
    ./src/components/CardCarousel.tsx [Client Component Browser]
    ./src/screens/HomeScreen.tsx [Client Component Browser]
    ./src/app/page.tsx [Client Component Browser]
    ./src/app/page.tsx [Server Component]

  Client Component SSR:
    ./src/components/CardCarousel.tsx [Client Component SSR]
    ./src/screens/HomeScreen.tsx [Client Component SSR]
    ./src/app/page.tsx [Client Component SSR]
    ./src/app/page.tsx [Server Component] @ http://localhost:3000/_next/static/chunks/node_modules_next_dist_115brz8._.js:3272
[  120043ms] [LOG] [Fast Refresh] rebuilding @ http://localhost:3000/_next/static/chunks/node_modules_next_dist_115brz8._.js:2431
[  130882ms] [LOG] [Fast Refresh] rebuilding @ http://localhost:3000/_next/static/chunks/node_modules_next_dist_115brz8._.js:2431
[  130962ms] [LOG] [Fast Refresh] done in 46ms @ http://localhost:3000/_next/static/chunks/node_modules_next_dist_115brz8._.js:2431
